     & ,kpp_H2SO4                                                                                                                                                                                                                                                 
     & ,kpp_CH3SO3H                                                                                                                                                                                                                                               
     & ,kpp_POHPR                                                                                                                                                                                                                                                 
     & ,kpp_POHHOX                                                                                                                                                                                                                                                
     & ,kpp_LOHHOX                                                                                                                                                                                                                                                
     & ,kpp_POHNOX                                                                                                                                                                                                                                                
     & ,kpp_LOHNOX                                                                                                                                                                                                                                                
     & ,kpp_POHORG                                                                                                                                                                                                                                                
     & ,kpp_LOHORG                                                                                                                                                                                                                                                
     & ,kpp_BIACET                                                                                                                                                                                                                                                
     & ,kpp_EZCHOCCH3CHO2                                                                                                                                                                                                                                         
     & ,kpp_C2H6                                                                                                                                                                                                                                                  
     & ,kpp_NC4H10                                                                                                                                                                                                                                                
     & ,kpp_CH3SO3                                                                                                                                                                                                                                                
     & ,kpp_HOCH2COCO2H                                                                                                                                                                                                                                           
     & ,kpp_CH3COCO3H                                                                                                                                                                                                                                             
     & ,kpp_N2O5                                                                                                                                                                                                                                                  
     & ,kpp_C3H8                                                                                                                                                                                                                                                  
     & ,kpp_O3P                                                                                                                                                                                                                                                   
     & ,kpp_H                                                                                                                                                                                                                                                     
     & ,kpp_CH3COCOCO2H                                                                                                                                                                                                                                           
     & ,kpp_EZCH3CO2CHCHO                                                                                                                                                                                                                                         
     & ,kpp_ISOPDOH                                                                                                                                                                                                                                               
     & ,kpp_LHC4ACCO2H                                                                                                                                                                                                                                            
     & ,kpp_LBPHELLOOH                                                                                                                                                                                                                                            
     & ,kpp_LFARNISOPO                                                                                                                                                                                                                                            
     & ,kpp_FARNCHOISOPO                                                                                                                                                                                                                                          
     & ,kpp_SO2                                                                                                                                                                                                                                                   
     & ,kpp_O1D                                                                                                                                                                                                                                                   
     & ,kpp_H2                                                                                                                                                                                                                                                    
     & ,kpp_ETHGLY                                                                                                                                                                                                                                                
     & ,kpp_CH3COCOCHO                                                                                                                                                                                                                                            
     & ,kpp_ISOPAB                                                                                                                                                                                                                                                
     & ,kpp_ISOPCD                                                                                                                                                                                                                                                
     & ,kpp_C1ODC2O2C4OOH                                                                                                                                                                                                                                         
     & ,kpp_CAMPHENE                                                                                                                                                                                                                                              
     & ,kpp_MHOCODOOH                                                                                                                                                                                                                                             
     & ,kpp_MHOCODNO3                                                                                                                                                                                                                                             
     & ,kpp_DMSO                                                                                                                                                                                                                                                  
     & ,kpp_HONO                                                                                                                                                                                                                                                  
     & ,kpp_HOCH2CH2O                                                                                                                                                                                                                                             
     & ,kpp_MACO3H                                                                                                                                                                                                                                                
     & ,kpp_ISOPAOH                                                                                                                                                                                                                                               
     & ,kpp_NISOPOOH                                                                                                                                                                                                                                              
     & ,kpp_SURCH3CO2H                                                                                                                                                                                                                                            
     & ,kpp_FARNCHOO                                                                                                                                                                                                                                              
     & ,kpp_FARNCHONO3                                                                                                                                                                                                                                            
     & ,kpp_CH4                                                                                                                                                                                                                                                   
     & ,kpp_ISOPBOH                                                                                                                                                                                                                                               
     & ,kpp_LBPHELLONE                                                                                                                                                                                                                                            
     & ,kpp_PR2O2HNO3                                                                                                                                                                                                                                             
     & ,kpp_MACROH                                                                                                                                                                                                                                                
     & ,kpp_C59OOH                                                                                                                                                                                                                                                
     & ,kpp_LHC4ACCO3H                                                                                                                                                                                                                                            
     & ,kpp_IEPOX                                                                                                                                                                                                                                                 
     & ,kpp_CH3CO3H                                                                                                                                                                                                                                               
     & ,kpp_DCA                                                                                                                                                                                                                                                   
     & ,kpp_LFARNONO2                                                                                                                                                                                                                                             
     & ,kpp_LFARNOOH                                                                                                                                                                                                                                              
     & ,kpp_LFARNISOPNO3                                                                                                                                                                                                                                          
     & ,kpp_FARNCHOISOPNO3                                                                                                                                                                                                                                        
     & ,kpp_BIACETOH                                                                                                                                                                                                                                              
     & ,kpp_DMS                                                                                                                                                                                                                                                   
     & ,kpp_CH3SO2                                                                                                                                                                                                                                                
     & ,kpp_IC3H7OOH                                                                                                                                                                                                                                              
     & ,kpp_HNO4                                                                                                                                                                                                                                                  
     & ,kpp_CO2H3CO2H                                                                                                                                                                                                                                             
     & ,kpp_MACO2H                                                                                                                                                                                                                                                
     & ,kpp_HOOCH2CO3H                                                                                                                                                                                                                                            
     & ,kpp_MYRCNO3                                                                                                                                                                                                                                               
     & ,kpp_SURCH3CO3H                                                                                                                                                                                                                                            
     & ,kpp_SURPAN                                                                                                                                                                                                                                                
     & ,kpp_BPHELL                                                                                                                                                                                                                                                
     & ,kpp_FARNCHOOOH                                                                                                                                                                                                                                            
     & ,kpp_C2H5OOH                                                                                                                                                                                                                                               
     & ,kpp_HCOCOCHO                                                                                                                                                                                                                                              
     & ,kpp_MCA                                                                                                                                                                                                                                                   
     & ,kpp_MYRCOOHISOPOOH                                                                                                                                                                                                                                        
     & ,kpp_PHAN                                                                                                                                                                                                                                                  
     & ,kpp_CH3CHCO                                                                                                                                                                                                                                               
     & ,kpp_ISOPDNO3                                                                                                                                                                                                                                              
     & ,kpp_LNISOOH                                                                                                                                                                                                                                               
     & ,kpp_ZCODC23DBCOD                                                                                                                                                                                                                                          
     & ,kpp_HYPROPO2H                                                                                                                                                                                                                                             
     & ,kpp_MYRCOOHHPALD                                                                                                                                                                                                                                          
     & ,kpp_LIMONENE                                                                                                                                                                                                                                              
     & ,kpp_MHONO3                                                                                                                                                                                                                                                
     & ,kpp_HOCH2CO3H                                                                                                                                                                                                                                             
     & ,kpp_C1OOHC3O2C4OD                                                                                                                                                                                                                                         
     & ,kpp_HOOCH2CO2H                                                                                                                                                                                                                                            
     & ,kpp_LFARNO                                                                                                                                                                                                                                                
     & ,kpp_LFARNISOPOOH                                                                                                                                                                                                                                          
     & ,kpp_FARNCHOISOPOOH                                                                                                                                                                                                                                        
     & ,kpp_LC4H9NO3                                                                                                                                                                                                                                              
     & ,kpp_MEK                                                                                                                                                                                                                                                   
     & ,kpp_LHMVKABOOH                                                                                                                                                                                                                                            
     & ,kpp_MPAN                                                                                                                                                                                                                                                  
     & ,kpp_HYETHO2H                                                                                                                                                                                                                                              
     & ,kpp_HOCH2COCH2OOH                                                                                                                                                                                                                                         
     & ,kpp_ETHOHNO3                                                                                                                                                                                                                                              
     & ,kpp_MYRCISOPO                                                                                                                                                                                                                                             
     & ,kpp_IC3H7O2                                                                                                                                                                                                                                               
     & ,kpp_CO2H3CO3H                                                                                                                                                                                                                                             
     & ,kpp_CH3OH                                                                                                                                                                                                                                                 
     & ,kpp_CH3COCHOH                                                                                                                                                                                                                                             
     & ,kpp_LC4H9OOH                                                                                                                                                                                                                                              
     & ,kpp_LC578OOH                                                                                                                                                                                                                                              
     & ,kpp_MYRCOOHISOPO                                                                                                                                                                                                                                          
     & ,kpp_IC3H7NO3                                                                                                                                                                                                                                              
     & ,kpp_PAN                                                                                                                                                                                                                                                   
     & ,kpp_LLIMABOOH                                                                                                                                                                                                                                             
     & ,kpp_CH2CO                                                                                                                                                                                                                                                 
     & ,kpp_MYRCISOPNO3                                                                                                                                                                                                                                           
     & ,kpp_CH3CHOHOOH                                                                                                                                                                                                                                            
     & ,kpp_CH3CO2H                                                                                                                                                                                                                                               
     & ,kpp_MACRO                                                                                                                                                                                                                                                 
     & ,kpp_HOCH2CO2H                                                                                                                                                                                                                                             
     & ,kpp_LC4H9O2                                                                                                                                                                                                                                               
     & ,kpp_C1OOHC2OOHC4OD                                                                                                                                                                                                                                        
     & ,kpp_HOCHCHO                                                                                                                                                                                                                                               
     & ,kpp_PEROXYRINGC2OOH                                                                                                                                                                                                                                       
     & ,kpp_LMEKOOH                                                                                                                                                                                                                                               
     & ,kpp_LIMCOOH                                                                                                                                                                                                                                               
     & ,kpp_MHOOOH                                                                                                                                                                                                                                                
     & ,kpp_LC5PAN1719                                                                                                                                                                                                                                            
     & ,kpp_ZCO3HC23DBCOD                                                                                                                                                                                                                                         
     & ,kpp_APINENE                                                                                                                                                                                                                                               
     & ,kpp_PRONO3BO2                                                                                                                                                                                                                                             
     & ,kpp_LBPHELLO2                                                                                                                                                                                                                                             
     & ,kpp_SABINENE                                                                                                                                                                                                                                              
     & ,kpp_D3CARENE                                                                                                                                                                                                                                              
     & ,kpp_BPINENE                                                                                                                                                                                                                                               
     & ,kpp_LIMKET                                                                                                                                                                                                                                                
     & ,kpp_FARN                                                                                                                                                                                                                                                  
     & ,kpp_CH3OOH                                                                                                                                                                                                                                                
     & ,kpp_ISOPBDNO3O2                                                                                                                                                                                                                                           
     & ,kpp_MYRCO2                                                                                                                                                                                                                                                
     & ,kpp_C2H4                                                                                                                                                                                                                                                  
     & ,kpp_LISOPACNO3O2                                                                                                                                                                                                                                          
     & ,kpp_NO3CH2CHO                                                                                                                                                                                                                                             
     & ,kpp_MYRCISOPOOH                                                                                                                                                                                                                                           
     & ,kpp_MYRCHPALD                                                                                                                                                                                                                                             
     & ,kpp_LMEKO2                                                                                                                                                                                                                                                
     & ,kpp_C2H5O2                                                                                                                                                                                                                                                
     & ,kpp_C1ODC2O2C4OD                                                                                                                                                                                                                                          
     & ,kpp_CH3COCH2OOCH2CHO                                                                                                                                                                                                                                      
     & ,kpp_MACROOH                                                                                                                                                                                                                                               
     & ,kpp_CH3COCO2H                                                                                                                                                                                                                                             
     & ,kpp_HOCH2COCHO                                                                                                                                                                                                                                            
     & ,kpp_LLIMABO2                                                                                                                                                                                                                                              
     & ,kpp_LIMAL                                                                                                                                                                                                                                                 
     & ,kpp_C59O2                                                                                                                                                                                                                                                 
     & ,kpp_HCOCO3H                                                                                                                                                                                                                                               
     & ,kpp_MYRC                                                                                                                                                                                                                                                  
     & ,kpp_HO12CO3C4                                                                                                                                                                                                                                             
     & ,kpp_HCOOH                                                                                                                                                                                                                                                 
     & ,kpp_HCOCO3A                                                                                                                                                                                                                                               
     & ,kpp_LNISO3                                                                                                                                                                                                                                                
     & ,kpp_LAPHYD                                                                                                                                                                                                                                                
     & ,kpp_MYRCOOH                                                                                                                                                                                                                                               
     & ,kpp_MYRCCHO                                                                                                                                                                                                                                               
     & ,kpp_MACO2                                                                                                                                                                                                                                                 
     & ,kpp_HYPROPO2                                                                                                                                                                                                                                              
     & ,kpp_LIMCO2                                                                                                                                                                                                                                                
     & ,kpp_MACRN                                                                                                                                                                                                                                                 
     & ,kpp_OPA                                                                                                                                                                                                                                                   
     & ,kpp_NOA                                                                                                                                                                                                                                                   
     & ,kpp_MYRCCHOISOPO                                                                                                                                                                                                                                          
     & ,kpp_CH3CHOHO2                                                                                                                                                                                                                                             
     & ,kpp_MHOO2                                                                                                                                                                                                                                                 
     & ,kpp_HMVKNO3                                                                                                                                                                                                                                               
     & ,kpp_HCOCO2H                                                                                                                                                                                                                                               
     & ,kpp_PINALO2                                                                                                                                                                                                                                               
     & ,kpp_LISOPEFO2                                                                                                                                                                                                                                             
     & ,kpp_HYPERACET                                                                                                                                                                                                                                             
     & ,kpp_HOCH2O2                                                                                                                                                                                                                                               
     & ,kpp_HOCH2COCH2O2                                                                                                                                                                                                                                          
     & ,kpp_H2O2                                                                                                                                                                                                                                                  
     & ,kpp_CH3COCHCO                                                                                                                                                                                                                                             
     & ,kpp_HCOCCH3CO                                                                                                                                                                                                                                             
     & ,kpp_C1ODC3O2C4OOH                                                                                                                                                                                                                                         
     & ,kpp_CO2H3CO3                                                                                                                                                                                                                                              
     & ,kpp_HOCH2CO                                                                                                                                                                                                                                               
     & ,kpp_C89CO3                                                                                                                                                                                                                                                
     & ,kpp_HCOC5                                                                                                                                                                                                                                                 
     & ,kpp_NAPINO2                                                                                                                                                                                                                                               
     & ,kpp_PEROXYRINGC2O2                                                                                                                                                                                                                                        
     & ,kpp_FARNCHOO2                                                                                                                                                                                                                                             
     & ,kpp_NISOPO2                                                                                                                                                                                                                                               
     & ,kpp_DLISOPACO2                                                                                                                                                                                                                                            
     & ,kpp_CC6CHO                                                                                                                                                                                                                                                
     & ,kpp_MACO3                                                                                                                                                                                                                                                 
     & ,kpp_NORPINAL                                                                                                                                                                                                                                              
     & ,kpp_C1ODC2OOHC4OD                                                                                                                                                                                                                                         
     & ,kpp_LISOPACO2                                                                                                                                                                                                                                             
     & ,kpp_LFARNISOPO2                                                                                                                                                                                                                                           
     & ,kpp_HCOCO3                                                                                                                                                                                                                                                
     & ,kpp_C1OOHC2O2C4OD                                                                                                                                                                                                                                         
     & ,kpp_HCOCOCH2OOH                                                                                                                                                                                                                                           
     & ,kpp_HOCH2CH2O2                                                                                                                                                                                                                                            
     & ,kpp_LFARNO2                                                                                                                                                                                                                                               
     & ,kpp_MHO                                                                                                                                                                                                                                                   
     & ,kpp_FARNCHO                                                                                                                                                                                                                                               
     & ,kpp_APINO2                                                                                                                                                                                                                                                
     & ,kpp_MYRCCHOISOPO2                                                                                                                                                                                                                                         
     & ,kpp_SURCH3CHO                                                                                                                                                                                                                                             
     & ,kpp_NC4CHO                                                                                                                                                                                                                                                
     & ,kpp_CH3COCH3                                                                                                                                                                                                                                              
     & ,kpp_C96CO3                                                                                                                                                                                                                                                
     & ,kpp_C3H6                                                                                                                                                                                                                                                  
     & ,kpp_C5H8                                                                                                                                                                                                                                                  
     & ,kpp_CO                                                                                                                                                                                                                                                    
     & ,kpp_HOOCH2CO3                                                                                                                                                                                                                                             
     & ,kpp_SURCH3CO3                                                                                                                                                                                                                                             
     & ,kpp_LC578O2                                                                                                                                                                                                                                               
     & ,kpp_HCOCH2O2                                                                                                                                                                                                                                              
     & ,kpp_H2O                                                                                                                                                                                                                                                   
     & ,kpp_C1079O2                                                                                                                                                                                                                                               
     & ,kpp_HCOCOCH2O2                                                                                                                                                                                                                                            
     & ,kpp_PINALD                                                                                                                                                                                                                                                
     & ,kpp_ISOPBO2                                                                                                                                                                                                                                               
     & ,kpp_C85CO3                                                                                                                                                                                                                                                
     & ,kpp_APNO3                                                                                                                                                                                                                                                 
     & ,kpp_HNO3                                                                                                                                                                                                                                                  
     & ,kpp_FARNCHOISOPO2                                                                                                                                                                                                                                         
     & ,kpp_MYRCCHOHPALD                                                                                                                                                                                                                                          
     & ,kpp_GLYOX                                                                                                                                                                                                                                                 
     & ,kpp_C96O2                                                                                                                                                                                                                                                 
     & ,kpp_MAPAN                                                                                                                                                                                                                                                 
     & ,kpp_HAPHYD                                                                                                                                                                                                                                                
     & ,kpp_CH3CHO                                                                                                                                                                                                                                                
     & ,kpp_MACRO2                                                                                                                                                                                                                                                
     & ,kpp_ACETOL                                                                                                                                                                                                                                                
     & ,kpp_LISOPACNO3                                                                                                                                                                                                                                            
     & ,kpp_LHMVKABO2                                                                                                                                                                                                                                             
     & ,kpp_HOCH2OOH                                                                                                                                                                                                                                              
     & ,kpp_LHC4ACCO3                                                                                                                                                                                                                                             
     & ,kpp_HOOCH2CHO                                                                                                                                                                                                                                             
     & ,kpp_HOCH2CO3                                                                                                                                                                                                                                              
     & ,kpp_MACR                                                                                                                                                                                                                                                  
     & ,kpp_MYRCISOPO2                                                                                                                                                                                                                                            
     & ,kpp_ISOPDOOH                                                                                                                                                                                                                                              
     & ,kpp_CH3COCH2O2                                                                                                                                                                                                                                            
     & ,kpp_ISOPDO2                                                                                                                                                                                                                                               
     & ,kpp_MYRCOOHISOPO2                                                                                                                                                                                                                                         
     & ,kpp_HOCH2CHO                                                                                                                                                                                                                                              
     & ,kpp_LHC4ACCHO                                                                                                                                                                                                                                             
     & ,kpp_ZCODC23DBCOOH                                                                                                                                                                                                                                         
     & ,kpp_HCHO                                                                                                                                                                                                                                                  
     & ,kpp_CH3O2                                                                                                                                                                                                                                                 
     & ,kpp_ISOPBNO3                                                                                                                                                                                                                                              
     & ,kpp_MVK                                                                                                                                                                                                                                                   
     & ,kpp_LISOPACOOH                                                                                                                                                                                                                                            
     & ,kpp_ISOPBOOH                                                                                                                                                                                                                                              
     & ,kpp_CO2H3CHO                                                                                                                                                                                                                                              
     & ,kpp_MGLYOX                                                                                                                                                                                                                                                
     & ,kpp_O3                                                                                                                                                                                                                                                    
     & ,kpp_NO3                                                                                                                                                                                                                                                   
     & ,kpp_NO                                                                                                                                                                                                                                                    
     & ,kpp_OH                                                                                                                                                                                                                                                    
     & ,kpp_HO2                                                                                                                                                                                                                                                   
     & ,kpp_NO2                                                                                                                                                                                                                                                   
     & ,kpp_CH3CO3                                                                                                                                                                                                                                                
     & ,kpp_O2                                                                                                                                                                                                                                                    
     & ,kpp_N2                                                                                                                                                                                                                                                    
     & ,kpp_CO2                                                                                                                                                                                                                                                   
